2024/01/28 19:38:05 [INFO ] [Server::createServerSocket] Server socket created successfully
2024/01/28 19:38:05 [INFO ] [Server::setSocketOptions] Socket options set successfully
2024/01/28 19:38:05 [INFO ] [Server::setSocketToNonBlocking] Socket set to non-blocking mode successfully
2024/01/28 19:38:05 [INFO ] [Server::bindAndListen] Socket bound successfully
2024/01/28 19:38:05 [INFO ] [Server::bindAndListen] Server is now listening on socket
2024/01/28 19:38:05 [INFO ] [ServerManager::initializeServers] Server is created and it is listening on port: 9000
2024/01/28 19:38:05 [DEBUG] [KqueueManager::registerEvent] Registered a new event for fd 5: EVFILT_READ
2024/01/28 19:38:05 [DEBUG] [main] Starting server manager
2024/01/28 19:38:05 [DEBUG] [EventLoop] Waiting for events
2024/01/28 19:38:10 [DEBUG] [EventLoop] Received 0 events
2024/01/28 19:38:10 [DEBUG] [EventLoop] No events to process at this time
2024/01/28 19:38:10 [DEBUG] [EventLoop] Waiting for events
2024/01/28 19:38:10 [DEBUG] [EventLoop] Received 1 events
2024/01/28 19:38:10 [INFO ] [Server::acceptNewConnection] Accepted new connection on socket fd 6
2024/01/28 19:38:10 [DEBUG] [KqueueManager::registerEvent] Registered a new event for fd 6: EVFILT_READ
2024/01/28 19:38:10 [DEBUG] [EventLoop] Waiting for events
2024/01/28 19:38:10 [DEBUG] [EventLoop] Received 1 events
2024/01/28 19:38:10 [DEBUG] [ClientState::processHeaders] Headers completed for fd 6
2024/01/28 19:38:10 [INFO ] [ClientState::parseHeaders] Received a 'GET' request for '/cgi-bin/hashed_password.py' from IP '127.0.0.1', processing on socket descriptor 6
2024/01/28 19:38:11 [DEBUG] [KqueueManager::registerEvent] Registered a new event for fd 7: EVFILT_READ
2024/01/28 19:38:11 [DEBUG] [EventLoop] Waiting for events
2024/01/28 19:38:11 [DEBUG] [EventLoop] Received 1 events
2024/01/28 19:38:11 [DEBUG] [EventLoop] Waiting for events
2024/01/28 19:38:11 [DEBUG] [EventLoop] Received 1 events
2024/01/28 19:38:11 [DEBUG] [KqueueManager::registerEvent] Registered a new event for fd 6: EVFILT_WRITE
2024/01/28 19:38:11 [DEBUG] [KqueueManager::unregisterEvent] Unregistered the event for fd 7: EVFILT_READ
2024/01/28 19:38:11 [DEBUG] [EventLoop] Waiting for events
2024/01/28 19:38:11 [DEBUG] [EventLoop] Received 1 events
2024/01/28 19:38:11 [DEBUG] [Server::sendSmallResponse] Sending small response to client with socket fd 6
2024/01/28 19:38:11 [DEBUG] [Server::sendSmallResponse] Small response sent completely to client with socket fd 6
2024/01/28 19:38:11 [DEBUG] [KqueueManager::unregisterEvent] Unregistered the event for fd 6: EVFILT_WRITE
2024/01/28 19:38:11 [DEBUG] [EventLoop] Waiting for events
2024/01/28 19:38:12 [DEBUG] [EventLoop] Received 1 events
2024/01/28 19:38:12 [DEBUG] [ClientState::processHeaders] Headers completed for fd 6
2024/01/28 19:38:12 [INFO ] [ClientState::parseHeaders] Received a 'GET' request for '/cgi-bin/hashed_password.py' from IP '127.0.0.1', processing on socket descriptor 6
2024/01/28 19:38:12 [DEBUG] [KqueueManager::registerEvent] Registered a new event for fd 7: EVFILT_READ
2024/01/28 19:38:12 [DEBUG] [EventLoop] Waiting for events
2024/01/28 19:38:12 [DEBUG] [EventLoop] Received 1 events
2024/01/28 19:38:12 [DEBUG] [EventLoop] Waiting for events
2024/01/28 19:38:12 [DEBUG] [EventLoop] Received 1 events
2024/01/28 19:38:12 [DEBUG] [KqueueManager::registerEvent] Registered a new event for fd 6: EVFILT_WRITE
2024/01/28 19:38:12 [DEBUG] [KqueueManager::unregisterEvent] Unregistered the event for fd 7: EVFILT_READ
2024/01/28 19:38:12 [DEBUG] [EventLoop] Waiting for events
2024/01/28 19:38:12 [DEBUG] [EventLoop] Received 1 events
2024/01/28 19:38:12 [DEBUG] [Server::sendSmallResponse] Sending small response to client with socket fd 6
2024/01/28 19:38:12 [DEBUG] [Server::sendSmallResponse] Small response sent completely to client with socket fd 6
2024/01/28 19:38:12 [DEBUG] [KqueueManager::unregisterEvent] Unregistered the event for fd 6: EVFILT_WRITE
2024/01/28 19:38:12 [DEBUG] [EventLoop] Waiting for events
2024/01/28 19:38:13 [DEBUG] [EventLoop] Received 1 events
2024/01/28 19:38:13 [DEBUG] [ClientState::processHeaders] Headers completed for fd 6
2024/01/28 19:38:13 [INFO ] [ClientState::parseHeaders] Received a 'GET' request for '/cgi-bin/hashed_password.py' from IP '127.0.0.1', processing on socket descriptor 6
2024/01/28 19:38:13 [DEBUG] [KqueueManager::registerEvent] Registered a new event for fd 7: EVFILT_READ
2024/01/28 19:38:13 [DEBUG] [EventLoop] Waiting for events
2024/01/28 19:38:13 [DEBUG] [EventLoop] Received 1 events
2024/01/28 19:38:13 [DEBUG] [EventLoop] Waiting for events
2024/01/28 19:38:13 [DEBUG] [EventLoop] Received 1 events
2024/01/28 19:38:13 [DEBUG] [KqueueManager::registerEvent] Registered a new event for fd 6: EVFILT_WRITE
2024/01/28 19:38:13 [DEBUG] [KqueueManager::unregisterEvent] Unregistered the event for fd 7: EVFILT_READ
2024/01/28 19:38:13 [DEBUG] [EventLoop] Waiting for events
2024/01/28 19:38:13 [DEBUG] [EventLoop] Received 1 events
2024/01/28 19:38:13 [DEBUG] [Server::sendSmallResponse] Sending small response to client with socket fd 6
2024/01/28 19:38:13 [DEBUG] [Server::sendSmallResponse] Small response sent completely to client with socket fd 6
2024/01/28 19:38:13 [DEBUG] [KqueueManager::unregisterEvent] Unregistered the event for fd 6: EVFILT_WRITE
2024/01/28 19:38:13 [DEBUG] [EventLoop] Waiting for events
2024/01/28 19:38:13 [DEBUG] [EventLoop] Received 1 events
2024/01/28 19:38:13 [DEBUG] [ClientState::processHeaders] Headers completed for fd 6
2024/01/28 19:38:13 [INFO ] [ClientState::parseHeaders] Received a 'GET' request for '/cgi-bin/hashed_password.py' from IP '127.0.0.1', processing on socket descriptor 6
2024/01/28 19:38:13 [DEBUG] [KqueueManager::registerEvent] Registered a new event for fd 7: EVFILT_READ
2024/01/28 19:38:13 [DEBUG] [EventLoop] Waiting for events
2024/01/28 19:38:13 [DEBUG] [EventLoop] Received 1 events
2024/01/28 19:38:13 [DEBUG] [EventLoop] Waiting for events
2024/01/28 19:38:13 [DEBUG] [EventLoop] Received 1 events
2024/01/28 19:38:13 [DEBUG] [KqueueManager::registerEvent] Registered a new event for fd 6: EVFILT_WRITE
2024/01/28 19:38:13 [DEBUG] [KqueueManager::unregisterEvent] Unregistered the event for fd 7: EVFILT_READ
2024/01/28 19:38:13 [DEBUG] [EventLoop] Waiting for events
2024/01/28 19:38:13 [DEBUG] [EventLoop] Received 1 events
2024/01/28 19:38:13 [DEBUG] [Server::sendSmallResponse] Sending small response to client with socket fd 6
2024/01/28 19:38:13 [DEBUG] [Server::sendSmallResponse] Small response sent completely to client with socket fd 6
2024/01/28 19:38:13 [DEBUG] [KqueueManager::unregisterEvent] Unregistered the event for fd 6: EVFILT_WRITE
2024/01/28 19:38:13 [DEBUG] [EventLoop] Waiting for events
2024/01/28 19:38:14 [DEBUG] [EventLoop] Received 1 events
2024/01/28 19:38:14 [DEBUG] [ClientState::processHeaders] Headers completed for fd 6
2024/01/28 19:38:14 [INFO ] [ClientState::parseHeaders] Received a 'GET' request for '/cgi-bin/hashed_password.py' from IP '127.0.0.1', processing on socket descriptor 6
2024/01/28 19:38:14 [DEBUG] [KqueueManager::registerEvent] Registered a new event for fd 7: EVFILT_READ
2024/01/28 19:38:14 [DEBUG] [EventLoop] Waiting for events
2024/01/28 19:38:14 [DEBUG] [EventLoop] Received 1 events
2024/01/28 19:38:14 [DEBUG] [EventLoop] Waiting for events
2024/01/28 19:38:14 [DEBUG] [EventLoop] Received 1 events
2024/01/28 19:38:14 [DEBUG] [KqueueManager::registerEvent] Registered a new event for fd 6: EVFILT_WRITE
2024/01/28 19:38:14 [DEBUG] [KqueueManager::unregisterEvent] Unregistered the event for fd 7: EVFILT_READ
2024/01/28 19:38:14 [DEBUG] [EventLoop] Waiting for events
2024/01/28 19:38:14 [DEBUG] [EventLoop] Received 1 events
2024/01/28 19:38:14 [DEBUG] [Server::sendSmallResponse] Sending small response to client with socket fd 6
2024/01/28 19:38:14 [DEBUG] [Server::sendSmallResponse] Small response sent completely to client with socket fd 6
2024/01/28 19:38:14 [DEBUG] [KqueueManager::unregisterEvent] Unregistered the event for fd 6: EVFILT_WRITE
2024/01/28 19:38:14 [DEBUG] [EventLoop] Waiting for events
2024/01/28 19:38:16 [DEBUG] [KqueueManager::unregisterEvent] Unregistered the event for fd 6: EVFILT_READ
2024/01/28 19:38:16 [DEBUG] [KqueueManager::unregisterEvent] Unregistered the event for fd 5: EVFILT_READ
